<?xml version="1.0" encoding="UTF-8"?>
<!-- Generated by org.testng.reporters.JUnitReportReporter -->
<testsuite hostname="sunils-MacBook-Pro.local" failures="0" tests="1" name="Runner.TestRunner" time="14.514" errors="0" timestamp="05 Aug 2020 21:20:58 GMT" skipped="0">
  <testcase classname="Runner.TestRunner" name="feature" time="14.514"/>
</testsuite> <!-- Runner.TestRunner -->
