<?xml version="1.0" encoding="UTF-8"?>
<testsuite xmlns:xsi="http://www.w3.org/2001/XMLSchema-instance" xsi:noNamespaceSchemaLocation="https://maven.apache.org/surefire/maven-surefire-plugin/xsd/surefire-test-report.xsd" name="TestSuite" time="20.237" tests="1" errors="0" skipped="0" failures="0">
  <properties>
    <property name="java.specification.version" value="13"/>
    <property name="sun.jnu.encoding" value="UTF-8"/>
    <property name="java.class.path" value="/Users/sunilchinayyagari/git/WebdriverCodingExercise/target/test-classes:/Users/sunilchinayyagari/git/WebdriverCodingExercise/target/classes:/Users/sunilchinayyagari/.m2/repository/io/github/bonigarcia/webdrivermanager/3.4.0/webdrivermanager-3.4.0.jar:/Users/sunilchinayyagari/.m2/repository/org/slf4j/slf4j-api/1.7.25/slf4j-api-1.7.25.jar:/Users/sunilchinayyagari/.m2/repository/commons-io/commons-io/2.6/commons-io-2.6.jar:/Users/sunilchinayyagari/.m2/repository/com/google/code/gson/gson/2.8.5/gson-2.8.5.jar:/Users/sunilchinayyagari/.m2/repository/org/apache/commons/commons-lang3/3.8.1/commons-lang3-3.8.1.jar:/Users/sunilchinayyagari/.m2/repository/org/apache/httpcomponents/httpclient/4.5.6/httpclient-4.5.6.jar:/Users/sunilchinayyagari/.m2/repository/org/rauschig/jarchivelib/1.0.0/jarchivelib-1.0.0.jar:/Users/sunilchinayyagari/.m2/repository/org/apache/commons/commons-compress/1.18/commons-compress-1.18.jar:/Users/sunilchinayyagari/.m2/repository/org/jsoup/jsoup/1.11.3/jsoup-1.11.3.jar:/Users/sunilchinayyagari/.m2/repository/org/testng/testng/6.14.3/testng-6.14.3.jar:/Users/sunilchinayyagari/.m2/repository/com/beust/jcommander/1.72/jcommander-1.72.jar:/Users/sunilchinayyagari/.m2/repository/org/apache-extras/beanshell/bsh/2.0b6/bsh-2.0b6.jar:/Users/sunilchinayyagari/.m2/repository/org/seleniumhq/selenium/selenium-java/3.11.0/selenium-java-3.11.0.jar:/Users/sunilchinayyagari/.m2/repository/org/seleniumhq/selenium/selenium-api/3.11.0/selenium-api-3.11.0.jar:/Users/sunilchinayyagari/.m2/repository/org/seleniumhq/selenium/selenium-chrome-driver/3.11.0/selenium-chrome-driver-3.11.0.jar:/Users/sunilchinayyagari/.m2/repository/org/seleniumhq/selenium/selenium-edge-driver/3.11.0/selenium-edge-driver-3.11.0.jar:/Users/sunilchinayyagari/.m2/repository/org/seleniumhq/selenium/selenium-firefox-driver/3.11.0/selenium-firefox-driver-3.11.0.jar:/Users/sunilchinayyagari/.m2/repository/org/seleniumhq/selenium/selenium-ie-driver/3.11.0/selenium-ie-driver-3.11.0.jar:/Users/sunilchinayyagari/.m2/repository/org/seleniumhq/selenium/selenium-opera-driver/3.11.0/selenium-opera-driver-3.11.0.jar:/Users/sunilchinayyagari/.m2/repository/org/seleniumhq/selenium/selenium-remote-driver/3.11.0/selenium-remote-driver-3.11.0.jar:/Users/sunilchinayyagari/.m2/repository/org/seleniumhq/selenium/selenium-safari-driver/3.11.0/selenium-safari-driver-3.11.0.jar:/Users/sunilchinayyagari/.m2/repository/org/seleniumhq/selenium/selenium-support/3.11.0/selenium-support-3.11.0.jar:/Users/sunilchinayyagari/.m2/repository/net/bytebuddy/byte-buddy/1.7.9/byte-buddy-1.7.9.jar:/Users/sunilchinayyagari/.m2/repository/org/apache/commons/commons-exec/1.3/commons-exec-1.3.jar:/Users/sunilchinayyagari/.m2/repository/commons-codec/commons-codec/1.10/commons-codec-1.10.jar:/Users/sunilchinayyagari/.m2/repository/commons-logging/commons-logging/1.2/commons-logging-1.2.jar:/Users/sunilchinayyagari/.m2/repository/com/google/guava/guava/23.6-jre/guava-23.6-jre.jar:/Users/sunilchinayyagari/.m2/repository/com/google/code/findbugs/jsr305/1.3.9/jsr305-1.3.9.jar:/Users/sunilchinayyagari/.m2/repository/org/checkerframework/checker-compat-qual/2.0.0/checker-compat-qual-2.0.0.jar:/Users/sunilchinayyagari/.m2/repository/com/google/errorprone/error_prone_annotations/2.1.3/error_prone_annotations-2.1.3.jar:/Users/sunilchinayyagari/.m2/repository/com/google/j2objc/j2objc-annotations/1.1/j2objc-annotations-1.1.jar:/Users/sunilchinayyagari/.m2/repository/org/codehaus/mojo/animal-sniffer-annotations/1.14/animal-sniffer-annotations-1.14.jar:/Users/sunilchinayyagari/.m2/repository/org/apache/httpcomponents/httpcore/4.4.6/httpcore-4.4.6.jar:/Users/sunilchinayyagari/.m2/repository/com/squareup/okhttp3/okhttp/3.9.1/okhttp-3.9.1.jar:/Users/sunilchinayyagari/.m2/repository/com/squareup/okio/okio/1.13.0/okio-1.13.0.jar:/Users/sunilchinayyagari/.m2/repository/info/cukes/cucumber-java/1.2.5/cucumber-java-1.2.5.jar:/Users/sunilchinayyagari/.m2/repository/info/cukes/cucumber-core/1.2.5/cucumber-core-1.2.5.jar:/Users/sunilchinayyagari/.m2/repository/info/cukes/cucumber-html/0.2.3/cucumber-html-0.2.3.jar:/Users/sunilchinayyagari/.m2/repository/info/cukes/gherkin/2.12.2/gherkin-2.12.2.jar:/Users/sunilchinayyagari/.m2/repository/info/cukes/cucumber-jvm-deps/1.0.5/cucumber-jvm-deps-1.0.5.jar:/Users/sunilchinayyagari/.m2/repository/info/cukes/cucumber-testng/1.2.5/cucumber-testng-1.2.5.jar:/Users/sunilchinayyagari/.m2/repository/net/masterthought/cucumber-reporting/3.20.0/cucumber-reporting-3.20.0.jar:/Users/sunilchinayyagari/.m2/repository/com/fasterxml/jackson/core/jackson-databind/2.9.6/jackson-databind-2.9.6.jar:/Users/sunilchinayyagari/.m2/repository/com/fasterxml/jackson/core/jackson-annotations/2.9.0/jackson-annotations-2.9.0.jar:/Users/sunilchinayyagari/.m2/repository/com/fasterxml/jackson/core/jackson-core/2.9.6/jackson-core-2.9.6.jar:/Users/sunilchinayyagari/.m2/repository/org/apache/velocity/velocity/1.7/velocity-1.7.jar:/Users/sunilchinayyagari/.m2/repository/commons-collections/commons-collections/3.2.1/commons-collections-3.2.1.jar:/Users/sunilchinayyagari/.m2/repository/commons-lang/commons-lang/2.4/commons-lang-2.4.jar:/Users/sunilchinayyagari/.m2/repository/velocity-tools/velocity-tools/1.4/velocity-tools-1.4.jar:/Users/sunilchinayyagari/.m2/repository/joda-time/joda-time/2.10/joda-time-2.10.jar:/Users/sunilchinayyagari/.m2/repository/net/lingala/zip4j/zip4j/1.3.2/zip4j-1.3.2.jar:/Users/sunilchinayyagari/.m2/repository/org/codehaus/plexus/plexus-utils/3.1.0/plexus-utils-3.1.0.jar:/Users/sunilchinayyagari/.m2/repository/com/googlecode/owasp-java-html-sanitizer/owasp-java-html-sanitizer/20180219.1/owasp-java-html-sanitizer-20180219.1.jar:/Users/sunilchinayyagari/.m2/repository/commons-configuration/commons-configuration/1.10/commons-configuration-1.10.jar:/Users/sunilchinayyagari/.m2/repository/log4j/log4j/1.2.17/log4j-1.2.17.jar:/Users/sunilchinayyagari/.m2/repository/org/apache/maven/surefire/surefire-testng-utils/2.21.0/surefire-testng-utils-2.21.0.jar:/Users/sunilchinayyagari/.m2/repository/org/apache/maven/surefire/surefire-grouper/2.21.0/surefire-grouper-2.21.0.jar:"/>
    <property name="java.vm.vendor" value="AdoptOpenJDK"/>
    <property name="sun.arch.data.model" value="64"/>
    <property name="java.vendor.url" value="https://adoptopenjdk.net/"/>
    <property name="os.name" value="Mac OS X"/>
    <property name="java.vm.specification.version" value="13"/>
    <property name="sun.java.launcher" value="SUN_STANDARD"/>
    <property name="user.country" value="US"/>
    <property name="sun.boot.library.path" value="/Library/Java/JavaVirtualMachines/adoptopenjdk-13.jdk/Contents/Home/lib"/>
    <property name="sun.java.command" value="/Users/sunilchinayyagari/git/WebdriverCodingExercise/target/surefire/surefirebooter9222822051220595736.jar /Users/sunilchinayyagari/git/WebdriverCodingExercise/target/surefire 2020-08-05T17-20-37_566-jvmRun1 surefire10804946335177603371tmp surefire_013621485487875161530tmp"/>
    <property name="http.nonProxyHosts" value="local|*.local|169.254/16|*.169.254/16"/>
    <property name="jdk.debug" value="release"/>
    <property name="surefire.test.class.path" value="/Users/sunilchinayyagari/git/WebdriverCodingExercise/target/test-classes:/Users/sunilchinayyagari/git/WebdriverCodingExercise/target/classes:/Users/sunilchinayyagari/.m2/repository/io/github/bonigarcia/webdrivermanager/3.4.0/webdrivermanager-3.4.0.jar:/Users/sunilchinayyagari/.m2/repository/org/slf4j/slf4j-api/1.7.25/slf4j-api-1.7.25.jar:/Users/sunilchinayyagari/.m2/repository/commons-io/commons-io/2.6/commons-io-2.6.jar:/Users/sunilchinayyagari/.m2/repository/com/google/code/gson/gson/2.8.5/gson-2.8.5.jar:/Users/sunilchinayyagari/.m2/repository/org/apache/commons/commons-lang3/3.8.1/commons-lang3-3.8.1.jar:/Users/sunilchinayyagari/.m2/repository/org/apache/httpcomponents/httpclient/4.5.6/httpclient-4.5.6.jar:/Users/sunilchinayyagari/.m2/repository/org/rauschig/jarchivelib/1.0.0/jarchivelib-1.0.0.jar:/Users/sunilchinayyagari/.m2/repository/org/apache/commons/commons-compress/1.18/commons-compress-1.18.jar:/Users/sunilchinayyagari/.m2/repository/org/jsoup/jsoup/1.11.3/jsoup-1.11.3.jar:/Users/sunilchinayyagari/.m2/repository/org/testng/testng/6.14.3/testng-6.14.3.jar:/Users/sunilchinayyagari/.m2/repository/com/beust/jcommander/1.72/jcommander-1.72.jar:/Users/sunilchinayyagari/.m2/repository/org/apache-extras/beanshell/bsh/2.0b6/bsh-2.0b6.jar:/Users/sunilchinayyagari/.m2/repository/org/seleniumhq/selenium/selenium-java/3.11.0/selenium-java-3.11.0.jar:/Users/sunilchinayyagari/.m2/repository/org/seleniumhq/selenium/selenium-api/3.11.0/selenium-api-3.11.0.jar:/Users/sunilchinayyagari/.m2/repository/org/seleniumhq/selenium/selenium-chrome-driver/3.11.0/selenium-chrome-driver-3.11.0.jar:/Users/sunilchinayyagari/.m2/repository/org/seleniumhq/selenium/selenium-edge-driver/3.11.0/selenium-edge-driver-3.11.0.jar:/Users/sunilchinayyagari/.m2/repository/org/seleniumhq/selenium/selenium-firefox-driver/3.11.0/selenium-firefox-driver-3.11.0.jar:/Users/sunilchinayyagari/.m2/repository/org/seleniumhq/selenium/selenium-ie-driver/3.11.0/selenium-ie-driver-3.11.0.jar:/Users/sunilchinayyagari/.m2/repository/org/seleniumhq/selenium/selenium-opera-driver/3.11.0/selenium-opera-driver-3.11.0.jar:/Users/sunilchinayyagari/.m2/repository/org/seleniumhq/selenium/selenium-remote-driver/3.11.0/selenium-remote-driver-3.11.0.jar:/Users/sunilchinayyagari/.m2/repository/org/seleniumhq/selenium/selenium-safari-driver/3.11.0/selenium-safari-driver-3.11.0.jar:/Users/sunilchinayyagari/.m2/repository/org/seleniumhq/selenium/selenium-support/3.11.0/selenium-support-3.11.0.jar:/Users/sunilchinayyagari/.m2/repository/net/bytebuddy/byte-buddy/1.7.9/byte-buddy-1.7.9.jar:/Users/sunilchinayyagari/.m2/repository/org/apache/commons/commons-exec/1.3/commons-exec-1.3.jar:/Users/sunilchinayyagari/.m2/repository/commons-codec/commons-codec/1.10/commons-codec-1.10.jar:/Users/sunilchinayyagari/.m2/repository/commons-logging/commons-logging/1.2/commons-logging-1.2.jar:/Users/sunilchinayyagari/.m2/repository/com/google/guava/guava/23.6-jre/guava-23.6-jre.jar:/Users/sunilchinayyagari/.m2/repository/com/google/code/findbugs/jsr305/1.3.9/jsr305-1.3.9.jar:/Users/sunilchinayyagari/.m2/repository/org/checkerframework/checker-compat-qual/2.0.0/checker-compat-qual-2.0.0.jar:/Users/sunilchinayyagari/.m2/repository/com/google/errorprone/error_prone_annotations/2.1.3/error_prone_annotations-2.1.3.jar:/Users/sunilchinayyagari/.m2/repository/com/google/j2objc/j2objc-annotations/1.1/j2objc-annotations-1.1.jar:/Users/sunilchinayyagari/.m2/repository/org/codehaus/mojo/animal-sniffer-annotations/1.14/animal-sniffer-annotations-1.14.jar:/Users/sunilchinayyagari/.m2/repository/org/apache/httpcomponents/httpcore/4.4.6/httpcore-4.4.6.jar:/Users/sunilchinayyagari/.m2/repository/com/squareup/okhttp3/okhttp/3.9.1/okhttp-3.9.1.jar:/Users/sunilchinayyagari/.m2/repository/com/squareup/okio/okio/1.13.0/okio-1.13.0.jar:/Users/sunilchinayyagari/.m2/repository/info/cukes/cucumber-java/1.2.5/cucumber-java-1.2.5.jar:/Users/sunilchinayyagari/.m2/repository/info/cukes/cucumber-core/1.2.5/cucumber-core-1.2.5.jar:/Users/sunilchinayyagari/.m2/repository/info/cukes/cucumber-html/0.2.3/cucumber-html-0.2.3.jar:/Users/sunilchinayyagari/.m2/repository/info/cukes/gherkin/2.12.2/gherkin-2.12.2.jar:/Users/sunilchinayyagari/.m2/repository/info/cukes/cucumber-jvm-deps/1.0.5/cucumber-jvm-deps-1.0.5.jar:/Users/sunilchinayyagari/.m2/repository/info/cukes/cucumber-testng/1.2.5/cucumber-testng-1.2.5.jar:/Users/sunilchinayyagari/.m2/repository/net/masterthought/cucumber-reporting/3.20.0/cucumber-reporting-3.20.0.jar:/Users/sunilchinayyagari/.m2/repository/com/fasterxml/jackson/core/jackson-databind/2.9.6/jackson-databind-2.9.6.jar:/Users/sunilchinayyagari/.m2/repository/com/fasterxml/jackson/core/jackson-annotations/2.9.0/jackson-annotations-2.9.0.jar:/Users/sunilchinayyagari/.m2/repository/com/fasterxml/jackson/core/jackson-core/2.9.6/jackson-core-2.9.6.jar:/Users/sunilchinayyagari/.m2/repository/org/apache/velocity/velocity/1.7/velocity-1.7.jar:/Users/sunilchinayyagari/.m2/repository/commons-collections/commons-collections/3.2.1/commons-collections-3.2.1.jar:/Users/sunilchinayyagari/.m2/repository/commons-lang/commons-lang/2.4/commons-lang-2.4.jar:/Users/sunilchinayyagari/.m2/repository/velocity-tools/velocity-tools/1.4/velocity-tools-1.4.jar:/Users/sunilchinayyagari/.m2/repository/joda-time/joda-time/2.10/joda-time-2.10.jar:/Users/sunilchinayyagari/.m2/repository/net/lingala/zip4j/zip4j/1.3.2/zip4j-1.3.2.jar:/Users/sunilchinayyagari/.m2/repository/org/codehaus/plexus/plexus-utils/3.1.0/plexus-utils-3.1.0.jar:/Users/sunilchinayyagari/.m2/repository/com/googlecode/owasp-java-html-sanitizer/owasp-java-html-sanitizer/20180219.1/owasp-java-html-sanitizer-20180219.1.jar:/Users/sunilchinayyagari/.m2/repository/commons-configuration/commons-configuration/1.10/commons-configuration-1.10.jar:/Users/sunilchinayyagari/.m2/repository/log4j/log4j/1.2.17/log4j-1.2.17.jar:/Users/sunilchinayyagari/.m2/repository/org/apache/maven/surefire/surefire-testng-utils/2.21.0/surefire-testng-utils-2.21.0.jar:/Users/sunilchinayyagari/.m2/repository/org/apache/maven/surefire/surefire-grouper/2.21.0/surefire-grouper-2.21.0.jar:"/>
    <property name="sun.cpu.endian" value="little"/>
    <property name="user.home" value="/Users/sunilchinayyagari"/>
    <property name="user.language" value="en"/>
    <property name="java.specification.vendor" value="Oracle Corporation"/>
    <property name="java.version.date" value="2020-01-14"/>
    <property name="java.home" value="/Library/Java/JavaVirtualMachines/adoptopenjdk-13.jdk/Contents/Home"/>
    <property name="file.separator" value="/"/>
    <property name="basedir" value="/Users/sunilchinayyagari/git/WebdriverCodingExercise"/>
    <property name="java.vm.compressedOopsMode" value="Zero based"/>
    <property name="line.separator" value="&#10;"/>
    <property name="java.specification.name" value="Java Platform API Specification"/>
    <property name="java.vm.specification.vendor" value="Oracle Corporation"/>
    <property name="surefire.real.class.path" value="/Users/sunilchinayyagari/git/WebdriverCodingExercise/target/surefire/surefirebooter9222822051220595736.jar"/>
    <property name="sun.management.compiler" value="HotSpot 64-Bit Tiered Compilers"/>
    <property name="ftp.nonProxyHosts" value="local|*.local|169.254/16|*.169.254/16"/>
    <property name="java.runtime.version" value="13.0.2+8"/>
    <property name="user.name" value="sunilchinayyagari"/>
    <property name="path.separator" value=":"/>
    <property name="os.version" value="10.15.6"/>
    <property name="java.runtime.name" value="OpenJDK Runtime Environment"/>
    <property name="file.encoding" value="UTF-8"/>
    <property name="java.vm.name" value="OpenJDK 64-Bit Server VM"/>
    <property name="java.vendor.version" value="AdoptOpenJDK"/>
    <property name="localRepository" value="/Users/sunilchinayyagari/.m2/repository"/>
    <property name="cucumber.options" value="--tags @WebDriverExerciseTests"/>
    <property name="java.vendor.url.bug" value="https://github.com/AdoptOpenJDK/openjdk-support/issues"/>
    <property name="java.io.tmpdir" value="/var/folders/kw/s6f1dlb11tlbyrbjrrkmhwfr0000gn/T/"/>
    <property name="java.version" value="13.0.2"/>
    <property name="user.dir" value="/Users/sunilchinayyagari/git/WebdriverCodingExercise"/>
    <property name="os.arch" value="x86_64"/>
    <property name="java.vm.specification.name" value="Java Virtual Machine Specification"/>
    <property name="java.library.path" value="/Users/sunilchinayyagari/Library/Java/Extensions:/Library/Java/Extensions:/Network/Library/Java/Extensions:/System/Library/Java/Extensions:/usr/lib/java:."/>
    <property name="java.vm.info" value="mixed mode, sharing"/>
    <property name="java.vendor" value="AdoptOpenJDK"/>
    <property name="java.vm.version" value="13.0.2+8"/>
    <property name="sun.io.unicode.encoding" value="UnicodeBig"/>
    <property name="socksNonProxyHosts" value="local|*.local|169.254/16|*.169.254/16"/>
    <property name="java.class.version" value="57.0"/>
  </properties>
  <testcase name="feature" classname="Runner.TestRunner" time="14.549"/>
</testsuite>